<?xml version="1.0" encoding="UTF-8"?>
<testsuite name="com.example.unimeeting.MeetingRepositoryTest" tests="11" skipped="0" failures="0" errors="0" timestamp="2023-11-15T03:26:20" hostname="DESKTOP-L2F7LSG" time="1.304">
  <properties/>
  <testcase name="findDistinctCategory()" classname="com.example.unimeeting.MeetingRepositoryTest" time="0.282"/>
  <testcase name="findByTitleContainsOrContentContains()" classname="com.example.unimeeting.MeetingRepositoryTest" time="0.133"/>
  <testcase name="searchMeetingInCategory()" classname="com.example.unimeeting.MeetingRepositoryTest" time="0.055"/>
  <testcase name="existsByIdxAndUserNickname()" classname="com.example.unimeeting.MeetingRepositoryTest" time="0.024"/>
  <testcase name="save()" classname="com.example.unimeeting.MeetingRepositoryTest" time="0.097"/>
  <testcase name="findById()" classname="com.example.unimeeting.MeetingRepositoryTest" time="0.034"/>
  <testcase name="deleteById()" classname="com.example.unimeeting.MeetingRepositoryTest" time="0.03"/>
  <testcase name="updateMeeting()" classname="com.example.unimeeting.MeetingRepositoryTest" time="0.024"/>
  <testcase name="test1()" classname="com.example.unimeeting.MeetingRepositoryTest" time="0.489"/>
  <testcase name="test2()" classname="com.example.unimeeting.MeetingRepositoryTest" time="0.085"/>
  <testcase name="test3()" classname="com.example.unimeeting.MeetingRepositoryTest" time="0.037"/>
  <system-out><![CDATA[12:26:16.272 [Test worker] DEBUG org.springframework.boot.test.autoconfigure.orm.jpa.DataJpaTestContextBootstrapper -- Neither @ContextConfiguration nor @ContextHierarchy found for test class [MeetingRepositoryTest]: using SpringBootContextLoader
12:26:16.282 [Test worker] DEBUG org.springframework.test.context.support.AbstractContextLoader -- Could not detect default resource locations for test class [com.example.unimeeting.MeetingRepositoryTest]: no resource found for suffixes {-context.xml, Context.groovy}.
12:26:16.283 [Test worker] INFO org.springframework.test.context.support.AnnotationConfigContextLoaderUtils -- Could not detect default configuration classes for test class [com.example.unimeeting.MeetingRepositoryTest]: MeetingRepositoryTest does not declare any static, non-private, non-final, nested classes annotated with @Configuration.
12:26:16.363 [Test worker] DEBUG org.springframework.boot.test.autoconfigure.orm.jpa.DataJpaTestContextBootstrapper -- Using ContextCustomizers for test class [MeetingRepositoryTest]: [DisableAutoConfigurationContextCustomizer, DisableObservabilityContextCustomizer, TypeExcludeFiltersContextCustomizer, PropertyMappingContextCustomizer, WebDriverContextCustomizer, ImportsContextCustomizer, ExcludeFilterContextCustomizer, DuplicateJsonObjectContextCustomizer, MockitoContextCustomizer]
12:26:16.497 [Test worker] DEBUG org.springframework.context.annotation.ClassPathScanningCandidateComponentProvider -- Identified candidate component class: file [C:\workspace\UniMeeting2\unimeeting\build\classes\java\main\com\example\unimeeting\UnimeetingApplication.class]
12:26:16.501 [Test worker] INFO org.springframework.boot.test.context.SpringBootTestContextBootstrapper -- Found @SpringBootConfiguration com.example.unimeeting.UnimeetingApplication for test class com.example.unimeeting.MeetingRepositoryTest
12:26:16.534 [Test worker] DEBUG org.springframework.test.context.util.TestContextSpringFactoriesUtils -- Skipping candidate TestExecutionListener [org.springframework.test.context.observation.MicrometerObservationRegistryTestExecutionListener] due to a missing dependency. Specify custom TestExecutionListener classes or make the default TestExecutionListener classes and their required dependencies available. Offending class: io.micrometer.context.ThreadLocalAccessor. MicrometerObservationRegistryTestExecutionListener requires io.micrometer:micrometer-observation:1.10.8 or higher and io.micrometer:context-propagation:1.0.3 or higher.
12:26:16.558 [Test worker] DEBUG org.springframework.boot.test.autoconfigure.orm.jpa.DataJpaTestContextBootstrapper -- Using TestExecutionListeners for test class [MeetingRepositoryTest]: [ServletTestExecutionListener, DirtiesContextBeforeModesTestExecutionListener, ApplicationEventsTestExecutionListener, MockitoTestExecutionListener, DependencyInjectionTestExecutionListener, DirtiesContextTestExecutionListener, TransactionalTestExecutionListener, SqlScriptsTestExecutionListener, WithSecurityContextTestExecutionListener, EventPublishingTestExecutionListener, ReactorContextTestExecutionListener, RestDocsTestExecutionListener, MockRestServiceServerResetTestExecutionListener, MockMvcPrintOnlyOnFailureTestExecutionListener, WebDriverTestExecutionListener, MockWebServiceServerTestExecutionListener, ResetMocksTestExecutionListener]
12:26:16.561 [Test worker] DEBUG org.springframework.test.context.support.DirtiesContextBeforeModesTestExecutionListener -- Before test class: class [MeetingRepositoryTest], class annotated with @DirtiesContext [false] with mode [null]
12:26:16.586 [Test worker] DEBUG org.springframework.test.context.support.DependencyInjectionTestExecutionListener -- Performing dependency injection for test class com.example.unimeeting.MeetingRepositoryTest

  .   ____          _            __ _ _
 /\\ / ___'_ __ _ _(_)_ __  __ _ \ \ \ \
( ( )\___ | '_ | '_| | '_ \/ _` | \ \ \ \
 \\/  ___)| |_)| | | | | || (_| |  ) ) ) )
  '  |____| .__|_| |_|_| |_\__, | / / / /
 =========|_|==============|___/=/_/_/_/
 :: Spring Boot ::               (v3.0.12)

2023-11-15T12:26:17.197+09:00  INFO 10316 --- [    Test worker] c.e.unimeeting.MeetingRepositoryTest     : Starting MeetingRepositoryTest using Java 17.0.8 with PID 10316 (started by COM in C:\workspace\UniMeeting2\unimeeting)
2023-11-15T12:26:17.199+09:00  INFO 10316 --- [    Test worker] c.e.unimeeting.MeetingRepositoryTest     : No active profile set, falling back to 1 default profile: "default"
2023-11-15T12:26:17.931+09:00  INFO 10316 --- [    Test worker] .s.d.r.c.RepositoryConfigurationDelegate : Bootstrapping Spring Data JPA repositories in DEFAULT mode.
2023-11-15T12:26:17.993+09:00  INFO 10316 --- [    Test worker] .s.d.r.c.RepositoryConfigurationDelegate : Finished Spring Data repository scanning in 52 ms. Found 6 JPA repository interfaces.
2023-11-15T12:26:18.448+09:00  INFO 10316 --- [    Test worker] o.hibernate.jpa.internal.util.LogHelper  : HHH000204: Processing PersistenceUnitInfo [name: default]
2023-11-15T12:26:18.503+09:00  INFO 10316 --- [    Test worker] org.hibernate.Version                    : HHH000412: Hibernate ORM core version 6.1.7.Final
2023-11-15T12:26:18.792+09:00  INFO 10316 --- [    Test worker] com.zaxxer.hikari.HikariDataSource       : HikariPool-1 - Starting...
2023-11-15T12:26:18.863+09:00  INFO 10316 --- [    Test worker] com.zaxxer.hikari.pool.HikariPool        : HikariPool-1 - Added connection org.mariadb.jdbc.MariaDbConnection@28768e25
2023-11-15T12:26:18.866+09:00  INFO 10316 --- [    Test worker] com.zaxxer.hikari.HikariDataSource       : HikariPool-1 - Start completed.
2023-11-15T12:26:18.895+09:00  INFO 10316 --- [    Test worker] SQL dialect                              : HHH000400: Using dialect: org.hibernate.dialect.MariaDB103Dialect
2023-11-15T12:26:18.897+09:00  WARN 10316 --- [    Test worker] org.hibernate.orm.deprecation            : HHH90000026: MariaDB103Dialect has been deprecated; use org.hibernate.dialect.MariaDBDialect instead
2023-11-15T12:26:19.901+09:00  INFO 10316 --- [    Test worker] o.h.e.t.j.p.i.JtaPlatformInitiator       : HHH000490: Using JtaPlatform implementation: [org.hibernate.engine.transaction.jta.platform.internal.NoJtaPlatform]
2023-11-15T12:26:19.912+09:00  INFO 10316 --- [    Test worker] j.LocalContainerEntityManagerFactoryBean : Initialized JPA EntityManagerFactory for persistence unit 'default'
2023-11-15T12:26:20.935+09:00  INFO 10316 --- [    Test worker] c.e.unimeeting.MeetingRepositoryTest     : Started MeetingRepositoryTest in 4.275 seconds (process running for 6.135)
================================================================================
Hibernate: 
    select
        distinct m1_0.category 
    from
        meeting m1_0 
    order by
        m1_0.category
게임
스터디
영화
요리
운동
================================================================================
Hibernate: 
    select
        m1_0.idx,
        m1_0.category,
        m1_0.content,
        m1_0.created_datetime,
        m1_0.location,
        m1_0.recruits,
        m1_0.start_datetime,
        m1_0.title,
        m1_0.writer_nickname 
    from
        meeting m1_0 
    where
        m1_0.title like ? escape '\\' 
        or m1_0.content like ? escape '\\'
Hibernate: 
    select
        u1_0.idx,
        u1_0.category,
        u1_0.email,
        u1_0.nickname,
        u1_0.password,
        u1_0.phone_number,
        u1_0.user_id 
    from
        user u1_0 
    where
        u1_0.nickname=?
Hibernate: 
    select
        u1_0.idx,
        u1_0.category,
        u1_0.email,
        u1_0.nickname,
        u1_0.password,
        u1_0.phone_number,
        u1_0.user_id 
    from
        user u1_0 
    where
        u1_0.nickname=?
Hibernate: 
    select
        u1_0.idx,
        u1_0.category,
        u1_0.email,
        u1_0.nickname,
        u1_0.password,
        u1_0.phone_number,
        u1_0.user_id 
    from
        user u1_0 
    where
        u1_0.nickname=?
Meeting(idx=55, title=화끈한 농구 소모임 "농구 매니아", content=안녕하세요, 농구 팬 여러분! 여러분을 위한 새로운 농구 소모임 "농구 매니아"에 참여하실 준비가 되셨나요? 우리는 열정적인 농구 팬들이 모여 농구의 매력과 재미를 공유하고 경기를 함께 즐기는 공간을 마련했습니다.

농구에 대한 열정, 지식, 그리고 즐거움을 공유하고 싶은 분들은 모두 환영입니다!
"농구 매니아"는 농구를 사랑하는 모든 이들이 모여 더 나은 농구 문화를 만들어가고자 합니다. 함께 뜨거운 열정을 나누고, 새로운 친구들과 소중한 추억을 만들어보세요. 우리의 모임은 농구 팬들의 작은 천국이 될 것입니다.
우리와 함께 더 나은 농구 세계를 만들어가는 여정에 동참하세요!
문의사항이나 가입을 원하시는 분들은 언제든지 연락주세요. 함께 농구의 세계로 빠져들어 즐거운 시간을 보내보시길 바랍니다., category=운동, recruits=10, location=서울 송파구, startDatetime=2023-10-23T00:00, createdDatetime=2023-10-23T15:42:13, user=User(idx=52, userId=aelim, password=1234, nickname=aa, email=devaelim@gmail.com, category=코딩, phoneNumber=01092708011))
Meeting(idx=56, title=어둠 속 공포: 새로운 공포 영화 소모임, content=안녕하세요, 공포 영화 팬 여러분!
"어둠 속 공포"에 오신 것을 환영합니다! 우리는 무서움과 흥미를 공유하는 공간으로, 주간 공포 영화 시청과 후기 토론, 무서운 이야기 공유, 최신 영화 소개, 공포 영화 이벤트 등 다양한 활동을 즐깁니다.

우리 모임에서 무엇을 할 수 있을까요?

주간 공포 영화 시청과 후기 토론
무서운 이야기 공유와 토론 시간
최신 공포 영화 소개 및 토론
공포 영화 마라톤과 다양한 이벤트 참여
어둠 속 공포, 여러분의 무서운 순간을 함께해요!

우리 소모임은 공포 영화의 세계에서 즐거움과 무서움을 나누며, 함께하는 즐거움을 중요시하는 곳입니다. 당신의 공포를 만나보고, 새로운 친구들과 더 깊은 공포의 세계를 탐험해보세요.

지금 바로 참여하여, 공포와 재미의 세계를 경험해보세요!

문의사항이나 가입을 원하시는 분들은 언제든지 연락주세요. 함께 무서움과 즐거움을 공유하는 "어둠 속 공포"에서 즐거운 시간을 보내보시길 바랍니다., category=영화, recruits=6, location= 경기 성남시, startDatetime=2023-11-18T00:00, createdDatetime=2023-10-23T16:26:03, user=User(idx=54, userId=dohoi, password=1234, nickname=도히, email=dohoi@gmail.com, category=코딩,요리,게임, phoneNumber=01022222222))
Meeting(idx=57, title=항상 도전하는 코딩 동아리, content=우리의 목표:
1.코딩 실력 향상: 함께 코딩하고 공유하며, 서로의 지식과 기술을 향상시킵니다.
2.프로젝트 경험: 현업에서 사용되는 도구와 기술을 활용하여 실제 프로젝트를 수행하며 실무 경험을 쌓습니다.
3.팀워크 강화: 프로젝트를 통해 팀워크와 커뮤니케이션 능력을 향상시키며 협업의 중요성을 깨닫습니다.

활동 내역:
* 코딩 대회 참여: 국내외 코딩 대회 참가를 통해 경쟁적이고 도전적인 환경에서 실력을 겨냅니다.
* 기술 세미나 및 워크샵: 주기적으로 열리는 세미나와 워크샵에서는 새로운 기술과 도구에 대한 학습 기회를 제공합니다.
* 프로젝트 개발: 실제 문제를 해결하고, 창의적인 아이디어를 실현하는 다양한 프로젝트에 참여합니다.

 여러분과 함께하는 즐거운 코딩 여정을 기대합니다!, category=스터디, recruits=25, location=강남역, startDatetime=2023-11-09T00:00, createdDatetime=2023-10-23T16:37:01, user=User(idx=54, userId=dohoi, password=1234, nickname=도히, email=dohoi@gmail.com, category=코딩,요리,게임, phoneNumber=01022222222))
Meeting(idx=59, title=축구 동아리, '스퍼트 FC', content=열정적인 축구 팬들이 모여 함께 즐기고 배우며 성장하는 공간입니다. 스퍼트 FC는 다양한 경험과 실력을 갖춘 회원들이 모여 다양한 레벨의 플레이어에게 맞춤형 트레이닝과 게임 기회를 제공합니다. 
우리의 목표는 단순히 경기에서 승리하는 것뿐만 아니라, 스포츠맨십과 팀워크를 강조하여 서로를 존중하고 함께 성장하는 것입니다. 주기적인 팀 빌딩 행사와 동아리 내 대회를 통해 친목도 쌓으며, 축구를 통해 새로운 친구들과의 소중한 인연을 만들어가고 있습니다. 언제든지 신입 회원을 환영하며, 우리의 큰 가족에 합류하시어 함께 즐겁게 활동하고 성장해보세요. 함께라면 더 멋진 축구 경험을 만들어갈 수 있을 것입니다!, category=운동, recruits=30, location=경기 수원시, startDatetime=2023-12-25T00:00, createdDatetime=2023-10-23T16:41:41, user=User(idx=54, userId=dohoi, password=1234, nickname=도히, email=dohoi@gmail.com, category=코딩,요리,게임, phoneNumber=01022222222))
Meeting(idx=62, title='스윙 브레이커스' 야구 동아리, content=저희 동아리는 야구에 뜨거운 열정을 품은 회원들이 모여, 스포츠의 즐거움과 팀워크를 함께 누리는 공간입니다. 스윙 브레이커스에서는 모든 참가자가 자신의 능력을 향상시키고 경험을 쌓을 수 있도록 다양한 트레이닝 프로그램을 제공하고 있습니다. 뛰어난 코칭 스태프와 함께하는 수업을 통해 기술적인 습득 뿐만 아니라, 팀원 간의 소통과 협력을 강화합니다.
우리의 목표는 단순히 경기에서 우승하는 것뿐만 아니라, 야구를 통해 인격과 리더십을 발전시키는 것입니다. 주기적인 연습뿐 아니라 동아리 내에서 다양한 행사와 대회를 개최하여 친목을 도모하고, 야구에 대한 열정을 공유하며 성장하는 기회를 제공합니다. 누구나 환영받는 분위기에서 함께 뛰어난 야구 경험을 쌓고, 새로운 친구들과 소중한 추억을 만들어보세요. 스윙 브레이커스에서 새로운 도전과 성장의 기회가 여러분을 기다리고 있습니다! 함께해요!, category=운동, recruits=20, location=경기 용인시, startDatetime=2023-10-31T00:00, createdDatetime=2023-10-23T16:45:08, user=User(idx=54, userId=dohoi, password=1234, nickname=도히, email=dohoi@gmail.com, category=코딩,요리,게임, phoneNumber=01022222222))
Meeting(idx=63, title= '토익마스터스' 동아리, content=환영합니다! 토익마스터스는 영어 능력 향상과 국제적인 경쟁력 강화를 목표로 하는 동아리로, 함께 노력하고 배우며 영어의 새로운 세계를 열어가고자 합니다. 저희 동아리는 토익 시험에 대비한 효과적인 전략과 학습 방법을 공유하며, 회원 간에 서로의 강점을 살려 함께 성장하는 환경을 조성합니다. 정기적인 스터디 세션에서는 실전과 유사한 문제를 풀며, 영어 실력을 실전에 대비하여 향상시킬 수 있도록 지원합니다. 뿐만 아니라, 회원 간의 친목 도모를 위한 다양한 활동과 이벤트도 마련되어 있습니다. 특히, 영어 관련 강연, 퀴즈 대회, 그리고 해외 문화 체험 등을 통해 영어를 더욱 흥미롭게 다가가게 하고 있습니다. 토익마스터스는 단순히 시험 준비뿐만 아니라, 영어라는 언어를 통해 다양한 문화와 소통하며 세계를 더 열려 있는 곳으로 만들어가는 과정에서 멋진 경험과 성취를 함께 나누고자 합니다. 함께 목표를 향해 나아가며, 토익을 마스터하는 여정에 참여해보세요. 토익마스터스에서 여러분을 기다리고 있습니다., category=스터디, recruits=10, location=서울 서초구, startDatetime=2023-11-11T00:00, createdDatetime=2023-10-23T17:03:50, user=User(idx=54, userId=dohoi, password=1234, nickname=도히, email=dohoi@gmail.com, category=코딩,요리,게임, phoneNumber=01022222222))
Meeting(idx=64, title='그린 메이커스' 골프 동아리, content=환영합니다! 그린 메이커스는 골프의 아름다움과 전략적인 게임 플레이를 사랑하는 이들이 모인 동아리입니다. 우리는 초보자부터 숙련된 선수까지 모두를 환영하며, 골프의 즐거움을 함께 나누고 발전하는 것을 목표로 하고 있습니다. 동아리에서는 전문 강사를 초빙하여 정기적인 트레이닝을 진행하며, 스윙 개선과 전략적인 코스 관리에 대한 지식을 함께 나눕니다. 또한, 회원 간의 프렌드리 경기와 대회를 개최하여 우리의 실력을 발휘하고 친목을 도모합니다. 그린 메이커스는 골프에 대한 열정뿐만 아니라, 자연과 조화를 이루며 휴식과 재미를 찾는 공간이기도 합니다. 야외에서 활동하면서 새로운 친구들을 만나고, 골프를 통해 스트레스 해소와 휴식을 즐길 수 있습니다. 더불어, 동아리 멤버들과 함께하는 다양한 이벤트와 소셜 액티비티를 통해 즐거운 순간들을 만들어냅니다. 그린 메이커스에서는 골프가 우리의 삶을 더 풍요롭게 만들 수 있는 특별한 경험으로 여겨지고 있습니다. 함께 그린을 만들며, 골프의 매력을 함께 느껴보시기 바랍니다!, category=운동, recruits=8, location=경기 남양주시, startDatetime=2024-03-03T00:00, createdDatetime=2023-10-23T17:08:02, user=User(idx=54, userId=dohoi, password=1234, nickname=도히, email=dohoi@gmail.com, category=코딩,요리,게임, phoneNumber=01022222222))
Meeting(idx=74, title=칼바람 같이해요, content=안녕하세요, 롤(League of Legends) 게임을 즐기는 팀원들을 찾고 있습니다. 
함께 칼바람 모드를 즐기며 팀원들과의 협력을 강화해봅시다!, category=게임, recruits=10, location=서울 서대문구, startDatetime=2023-10-23T00:00, createdDatetime=2023-10-23T22:33:56, user=User(idx=53, userId=minjae, password=1234, nickname=맹, email=mangminjae@gmail.com, category=운동,코딩, phoneNumber=01011111111))
Meeting(idx=77, title=1234, content=tst, category=게임, recruits=2, location=test, startDatetime=2023-10-25T00:00, createdDatetime=2023-10-25T08:41:01, user=User(idx=52, userId=aelim, password=1234, nickname=aa, email=devaelim@gmail.com, category=코딩, phoneNumber=01092708011))
Meeting(idx=78, title=1234test, content=123456748789'
''
'4563489789, category=운동, recruits=3, location=서울, startDatetime=2023-10-31T00:00, createdDatetime=2023-10-31T17:18:44, user=User(idx=52, userId=aelim, password=1234, nickname=aa, email=devaelim@gmail.com, category=코딩, phoneNumber=01092708011))
Meeting(idx=81, title=123, content=213<br><br><br>123, category=요리, recruits=2, location=서울, startDatetime=2023-10-31T00:00, createdDatetime=2023-10-31T18:04:50, user=User(idx=54, userId=dohoi, password=1234, nickname=도히, email=dohoi@gmail.com, category=코딩,요리,게임, phoneNumber=01022222222))
Meeting(idx=82, title=asdsa, content=123
<br>
<br>
<br>12333, category=운동, recruits=2, location=서울, startDatetime=2023-10-31T00:00, createdDatetime=2023-10-31T18:06:40, user=User(idx=52, userId=aelim, password=1234, nickname=aa, email=devaelim@gmail.com, category=코딩, phoneNumber=01092708011))
Meeting(idx=86, title=test2, content=test2, category=운동, recruits=3, location=서울, startDatetime=2023-11-08T17:58:18, createdDatetime=2023-11-08T17:58:18, user=User(idx=52, userId=aelim, password=1234, nickname=aa, email=devaelim@gmail.com, category=코딩, phoneNumber=01092708011))
Meeting(idx=87, title=test2, content=updateTest, category=운동, recruits=3, location=서울, startDatetime=2023-11-08T17:59:47, createdDatetime=2023-11-08T17:59:47, user=User(idx=52, userId=aelim, password=1234, nickname=aa, email=devaelim@gmail.com, category=코딩, phoneNumber=01092708011))
Meeting(idx=88, title=test2, content=test2, category=운동, recruits=3, location=서울, startDatetime=2023-11-10T17:22:06, createdDatetime=2023-11-10T17:22:06, user=User(idx=52, userId=aelim, password=1234, nickname=aa, email=devaelim@gmail.com, category=코딩, phoneNumber=01092708011))
Meeting(idx=89, title=test2, content=test2, category=운동, recruits=3, location=서울, startDatetime=2023-11-10T17:29:07, createdDatetime=2023-11-10T17:29:07, user=User(idx=52, userId=aelim, password=1234, nickname=aa, email=devaelim@gmail.com, category=코딩, phoneNumber=01092708011))
Meeting(idx=90, title=test2, content=test2, category=운동, recruits=3, location=서울, startDatetime=2023-11-10T18:13:23, createdDatetime=2023-11-10T18:13:23, user=User(idx=52, userId=aelim, password=1234, nickname=aa, email=devaelim@gmail.com, category=코딩, phoneNumber=01092708011))
Meeting(idx=91, title=test2, content=test2, category=운동, recruits=3, location=서울, startDatetime=2023-11-13T16:55:51, createdDatetime=2023-11-13T16:55:51, user=User(idx=52, userId=aelim, password=1234, nickname=aa, email=devaelim@gmail.com, category=코딩, phoneNumber=01092708011))
Meeting(idx=92, title=test2, content=test2, category=운동, recruits=3, location=서울, startDatetime=2023-11-13T17:40:44, createdDatetime=2023-11-13T17:40:44, user=User(idx=52, userId=aelim, password=1234, nickname=aa, email=devaelim@gmail.com, category=코딩, phoneNumber=01092708011))
Meeting(idx=93, title=test2, content=test2, category=운동, recruits=3, location=서울, startDatetime=2023-11-13T17:54:57, createdDatetime=2023-11-13T17:54:57, user=User(idx=52, userId=aelim, password=1234, nickname=aa, email=devaelim@gmail.com, category=코딩, phoneNumber=01092708011))
Meeting(idx=94, title=test2, content=test2, category=운동, recruits=3, location=서울, startDatetime=2023-11-13T17:57:11, createdDatetime=2023-11-13T17:57:11, user=User(idx=52, userId=aelim, password=1234, nickname=aa, email=devaelim@gmail.com, category=코딩, phoneNumber=01092708011))
Meeting(idx=95, title=test2, content=test2, category=운동, recruits=3, location=서울, startDatetime=2023-11-13T18:01:10, createdDatetime=2023-11-13T18:01:10, user=User(idx=52, userId=aelim, password=1234, nickname=aa, email=devaelim@gmail.com, category=코딩, phoneNumber=01092708011))
Meeting(idx=96, title=test2, content=test2, category=운동, recruits=3, location=서울, startDatetime=2023-11-13T18:03:37, createdDatetime=2023-11-13T18:03:37, user=User(idx=52, userId=aelim, password=1234, nickname=aa, email=devaelim@gmail.com, category=코딩, phoneNumber=01092708011))
Meeting(idx=97, title=test2, content=test2, category=운동, recruits=3, location=서울, startDatetime=2023-11-13T18:05:38, createdDatetime=2023-11-13T18:05:38, user=User(idx=52, userId=aelim, password=1234, nickname=aa, email=devaelim@gmail.com, category=코딩, phoneNumber=01092708011))
Meeting(idx=98, title=test2, content=test2, category=운동, recruits=3, location=서울, startDatetime=2023-11-13T18:06:38, createdDatetime=2023-11-13T18:06:38, user=User(idx=52, userId=aelim, password=1234, nickname=aa, email=devaelim@gmail.com, category=코딩, phoneNumber=01092708011))
Meeting(idx=99, title=test2, content=test2, category=운동, recruits=3, location=서울, startDatetime=2023-11-13T18:09:01, createdDatetime=2023-11-13T18:09:01, user=User(idx=52, userId=aelim, password=1234, nickname=aa, email=devaelim@gmail.com, category=코딩, phoneNumber=01092708011))
Meeting(idx=100, title=test2, content=test2, category=운동, recruits=3, location=서울, startDatetime=2023-11-13T18:09:22, createdDatetime=2023-11-13T18:09:22, user=User(idx=52, userId=aelim, password=1234, nickname=aa, email=devaelim@gmail.com, category=코딩, phoneNumber=01092708011))
Meeting(idx=101, title=test2, content=test2, category=운동, recruits=3, location=서울, startDatetime=2023-11-13T18:16:40, createdDatetime=2023-11-13T18:16:40, user=User(idx=52, userId=aelim, password=1234, nickname=aa, email=devaelim@gmail.com, category=코딩, phoneNumber=01092708011))
Meeting(idx=102, title=test2, content=test2, category=운동, recruits=3, location=서울, startDatetime=2023-11-13T18:17:18, createdDatetime=2023-11-13T18:17:18, user=User(idx=52, userId=aelim, password=1234, nickname=aa, email=devaelim@gmail.com, category=코딩, phoneNumber=01092708011))
Meeting(idx=103, title=test2, content=test2, category=운동, recruits=3, location=서울, startDatetime=2023-11-13T18:20:02, createdDatetime=2023-11-13T18:20:02, user=User(idx=52, userId=aelim, password=1234, nickname=aa, email=devaelim@gmail.com, category=코딩, phoneNumber=01092708011))
Meeting(idx=104, title=test2, content=test2, category=운동, recruits=3, location=서울, startDatetime=2023-11-13T18:20:53, createdDatetime=2023-11-13T18:20:53, user=User(idx=52, userId=aelim, password=1234, nickname=aa, email=devaelim@gmail.com, category=코딩, phoneNumber=01092708011))
Meeting(idx=105, title=test2, content=test2, category=운동, recruits=3, location=서울, startDatetime=2023-11-13T18:22:21, createdDatetime=2023-11-13T18:22:21, user=User(idx=52, userId=aelim, password=1234, nickname=aa, email=devaelim@gmail.com, category=코딩, phoneNumber=01092708011))
Meeting(idx=106, title=test2, content=test2, category=운동, recruits=3, location=서울, startDatetime=2023-11-13T18:22:59, createdDatetime=2023-11-13T18:22:59, user=User(idx=52, userId=aelim, password=1234, nickname=aa, email=devaelim@gmail.com, category=코딩, phoneNumber=01092708011))
Meeting(idx=107, title=test2, content=test2, category=운동, recruits=3, location=서울, startDatetime=2023-11-13T18:27:37, createdDatetime=2023-11-13T18:27:37, user=User(idx=52, userId=aelim, password=1234, nickname=aa, email=devaelim@gmail.com, category=코딩, phoneNumber=01092708011))
Meeting(idx=108, title=test2, content=test2, category=운동, recruits=3, location=서울, startDatetime=2023-11-14T03:38:14, createdDatetime=2023-11-14T03:38:14, user=User(idx=52, userId=aelim, password=1234, nickname=aa, email=devaelim@gmail.com, category=코딩, phoneNumber=01092708011))
Meeting(idx=109, title=test2, content=test2, category=운동, recruits=3, location=서울, startDatetime=2023-11-14T10:41:01, createdDatetime=2023-11-14T10:41:01, user=User(idx=52, userId=aelim, password=1234, nickname=aa, email=devaelim@gmail.com, category=코딩, phoneNumber=01092708011))
Meeting(idx=110, title=test2, content=test2, category=운동, recruits=3, location=서울, startDatetime=2023-11-14T10:42:25, createdDatetime=2023-11-14T10:42:25, user=User(idx=52, userId=aelim, password=1234, nickname=aa, email=devaelim@gmail.com, category=코딩, phoneNumber=01092708011))
Meeting(idx=111, title=test2, content=test2, category=운동, recruits=3, location=서울, startDatetime=2023-11-14T10:54:22, createdDatetime=2023-11-14T10:54:22, user=User(idx=52, userId=aelim, password=1234, nickname=aa, email=devaelim@gmail.com, category=코딩, phoneNumber=01092708011))
Meeting(idx=112, title=test2, content=test2, category=운동, recruits=3, location=서울, startDatetime=2023-11-14T11:18:42, createdDatetime=2023-11-14T11:18:42, user=User(idx=52, userId=aelim, password=1234, nickname=aa, email=devaelim@gmail.com, category=코딩, phoneNumber=01092708011))
Meeting(idx=113, title=test2, content=test2, category=운동, recruits=3, location=서울, startDatetime=2023-11-14T11:29:43, createdDatetime=2023-11-14T11:29:43, user=User(idx=52, userId=aelim, password=1234, nickname=aa, email=devaelim@gmail.com, category=코딩, phoneNumber=01092708011))
Meeting(idx=114, title=test2, content=test2, category=운동, recruits=3, location=서울, startDatetime=2023-11-14T11:29:44, createdDatetime=2023-11-14T11:29:44, user=User(idx=52, userId=aelim, password=1234, nickname=aa, email=devaelim@gmail.com, category=코딩, phoneNumber=01092708011))
Meeting(idx=115, title=test2, content=test2, category=운동, recruits=3, location=서울, startDatetime=2023-11-14T11:34:42, createdDatetime=2023-11-14T11:34:42, user=User(idx=52, userId=aelim, password=1234, nickname=aa, email=devaelim@gmail.com, category=코딩, phoneNumber=01092708011))
Meeting(idx=116, title=test2, content=test2, category=운동, recruits=3, location=서울, startDatetime=2023-11-14T11:43:27, createdDatetime=2023-11-14T11:43:27, user=User(idx=52, userId=aelim, password=1234, nickname=aa, email=devaelim@gmail.com, category=코딩, phoneNumber=01092708011))
Meeting(idx=117, title=test2, content=test2, category=운동, recruits=3, location=서울, startDatetime=2023-11-14T11:44:37, createdDatetime=2023-11-14T11:44:37, user=User(idx=52, userId=aelim, password=1234, nickname=aa, email=devaelim@gmail.com, category=코딩, phoneNumber=01092708011))
Meeting(idx=118, title=test2, content=test2, category=운동, recruits=3, location=서울, startDatetime=2023-11-14T11:44:53, createdDatetime=2023-11-14T11:44:53, user=User(idx=52, userId=aelim, password=1234, nickname=aa, email=devaelim@gmail.com, category=코딩, phoneNumber=01092708011))
Meeting(idx=119, title=test2, content=test2, category=운동, recruits=3, location=서울, startDatetime=2023-11-14T11:45:09, createdDatetime=2023-11-14T11:45:09, user=User(idx=52, userId=aelim, password=1234, nickname=aa, email=devaelim@gmail.com, category=코딩, phoneNumber=01092708011))
Meeting(idx=120, title=test2, content=test2, category=운동, recruits=3, location=서울, startDatetime=2023-11-14T11:45:23, createdDatetime=2023-11-14T11:45:23, user=User(idx=52, userId=aelim, password=1234, nickname=aa, email=devaelim@gmail.com, category=코딩, phoneNumber=01092708011))
Meeting(idx=121, title=test2, content=test2, category=운동, recruits=3, location=서울, startDatetime=2023-11-14T11:55, createdDatetime=2023-11-14T11:55, user=User(idx=52, userId=aelim, password=1234, nickname=aa, email=devaelim@gmail.com, category=코딩, phoneNumber=01092708011))
Meeting(idx=122, title=test2, content=test2, category=운동, recruits=3, location=서울, startDatetime=2023-11-14T14:10:01, createdDatetime=2023-11-14T14:10:01, user=User(idx=52, userId=aelim, password=1234, nickname=aa, email=devaelim@gmail.com, category=코딩, phoneNumber=01092708011))
Meeting(idx=123, title=test2, content=test2, category=운동, recruits=3, location=서울, startDatetime=2023-11-14T14:11:39, createdDatetime=2023-11-14T14:11:39, user=User(idx=52, userId=aelim, password=1234, nickname=aa, email=devaelim@gmail.com, category=코딩, phoneNumber=01092708011))
Meeting(idx=124, title=test2, content=test2, category=운동, recruits=3, location=서울, startDatetime=2023-11-14T14:48:02, createdDatetime=2023-11-14T14:48:02, user=User(idx=52, userId=aelim, password=1234, nickname=aa, email=devaelim@gmail.com, category=코딩, phoneNumber=01092708011))
Meeting(idx=125, title=test2, content=test2, category=운동, recruits=3, location=서울, startDatetime=2023-11-14T14:49:01, createdDatetime=2023-11-14T14:49:01, user=User(idx=52, userId=aelim, password=1234, nickname=aa, email=devaelim@gmail.com, category=코딩, phoneNumber=01092708011))
Meeting(idx=126, title=test2, content=test2, category=운동, recruits=3, location=서울, startDatetime=2023-11-14T15:43:32, createdDatetime=2023-11-14T15:43:32, user=User(idx=52, userId=aelim, password=1234, nickname=aa, email=devaelim@gmail.com, category=코딩, phoneNumber=01092708011))
Meeting(idx=127, title=test2, content=test2, category=운동, recruits=3, location=서울, startDatetime=2023-11-14T15:45:24, createdDatetime=2023-11-14T15:45:24, user=User(idx=52, userId=aelim, password=1234, nickname=aa, email=devaelim@gmail.com, category=코딩, phoneNumber=01092708011))
Meeting(idx=128, title=test2, content=test2, category=운동, recruits=3, location=서울, startDatetime=2023-11-14T15:47:45, createdDatetime=2023-11-14T15:47:45, user=User(idx=52, userId=aelim, password=1234, nickname=aa, email=devaelim@gmail.com, category=코딩, phoneNumber=01092708011))
Meeting(idx=129, title=REST API TEST, content=REST API TEST, category=운동, recruits=2, location=REST API TEST, startDatetime=2023-11-14T09:12, createdDatetime=2023-11-14T18:26:33, user=User(idx=52, userId=aelim, password=1234, nickname=aa, email=devaelim@gmail.com, category=코딩, phoneNumber=01092708011))
================================================================================
Hibernate: 
    select
        m1_0.idx,
        m1_0.category,
        m1_0.content,
        m1_0.created_datetime,
        m1_0.location,
        m1_0.recruits,
        m1_0.start_datetime,
        m1_0.title,
        m1_0.writer_nickname 
    from
        meeting m1_0 
    where
        m1_0.category=? 
        and (
            m1_0.title like replace(?,'\\','\\\\') 
            or m1_0.content like replace(?,'\\','\\\\')
        )
Hibernate: 
    select
        u1_0.idx,
        u1_0.category,
        u1_0.email,
        u1_0.nickname,
        u1_0.password,
        u1_0.phone_number,
        u1_0.user_id 
    from
        user u1_0 
    where
        u1_0.nickname=?
Hibernate: 
    select
        u1_0.idx,
        u1_0.category,
        u1_0.email,
        u1_0.nickname,
        u1_0.password,
        u1_0.phone_number,
        u1_0.user_id 
    from
        user u1_0 
    where
        u1_0.nickname=?
Meeting(idx=55, title=화끈한 농구 소모임 "농구 매니아", content=안녕하세요, 농구 팬 여러분! 여러분을 위한 새로운 농구 소모임 "농구 매니아"에 참여하실 준비가 되셨나요? 우리는 열정적인 농구 팬들이 모여 농구의 매력과 재미를 공유하고 경기를 함께 즐기는 공간을 마련했습니다.

농구에 대한 열정, 지식, 그리고 즐거움을 공유하고 싶은 분들은 모두 환영입니다!
"농구 매니아"는 농구를 사랑하는 모든 이들이 모여 더 나은 농구 문화를 만들어가고자 합니다. 함께 뜨거운 열정을 나누고, 새로운 친구들과 소중한 추억을 만들어보세요. 우리의 모임은 농구 팬들의 작은 천국이 될 것입니다.
우리와 함께 더 나은 농구 세계를 만들어가는 여정에 동참하세요!
문의사항이나 가입을 원하시는 분들은 언제든지 연락주세요. 함께 농구의 세계로 빠져들어 즐거운 시간을 보내보시길 바랍니다., category=운동, recruits=10, location=서울 송파구, startDatetime=2023-10-23T00:00, createdDatetime=2023-10-23T15:42:13, user=User(idx=52, userId=aelim, password=1234, nickname=aa, email=devaelim@gmail.com, category=코딩, phoneNumber=01092708011))
Meeting(idx=59, title=축구 동아리, '스퍼트 FC', content=열정적인 축구 팬들이 모여 함께 즐기고 배우며 성장하는 공간입니다. 스퍼트 FC는 다양한 경험과 실력을 갖춘 회원들이 모여 다양한 레벨의 플레이어에게 맞춤형 트레이닝과 게임 기회를 제공합니다. 
우리의 목표는 단순히 경기에서 승리하는 것뿐만 아니라, 스포츠맨십과 팀워크를 강조하여 서로를 존중하고 함께 성장하는 것입니다. 주기적인 팀 빌딩 행사와 동아리 내 대회를 통해 친목도 쌓으며, 축구를 통해 새로운 친구들과의 소중한 인연을 만들어가고 있습니다. 언제든지 신입 회원을 환영하며, 우리의 큰 가족에 합류하시어 함께 즐겁게 활동하고 성장해보세요. 함께라면 더 멋진 축구 경험을 만들어갈 수 있을 것입니다!, category=운동, recruits=30, location=경기 수원시, startDatetime=2023-12-25T00:00, createdDatetime=2023-10-23T16:41:41, user=User(idx=54, userId=dohoi, password=1234, nickname=도히, email=dohoi@gmail.com, category=코딩,요리,게임, phoneNumber=01022222222))
Meeting(idx=62, title='스윙 브레이커스' 야구 동아리, content=저희 동아리는 야구에 뜨거운 열정을 품은 회원들이 모여, 스포츠의 즐거움과 팀워크를 함께 누리는 공간입니다. 스윙 브레이커스에서는 모든 참가자가 자신의 능력을 향상시키고 경험을 쌓을 수 있도록 다양한 트레이닝 프로그램을 제공하고 있습니다. 뛰어난 코칭 스태프와 함께하는 수업을 통해 기술적인 습득 뿐만 아니라, 팀원 간의 소통과 협력을 강화합니다.
우리의 목표는 단순히 경기에서 우승하는 것뿐만 아니라, 야구를 통해 인격과 리더십을 발전시키는 것입니다. 주기적인 연습뿐 아니라 동아리 내에서 다양한 행사와 대회를 개최하여 친목을 도모하고, 야구에 대한 열정을 공유하며 성장하는 기회를 제공합니다. 누구나 환영받는 분위기에서 함께 뛰어난 야구 경험을 쌓고, 새로운 친구들과 소중한 추억을 만들어보세요. 스윙 브레이커스에서 새로운 도전과 성장의 기회가 여러분을 기다리고 있습니다! 함께해요!, category=운동, recruits=20, location=경기 용인시, startDatetime=2023-10-31T00:00, createdDatetime=2023-10-23T16:45:08, user=User(idx=54, userId=dohoi, password=1234, nickname=도히, email=dohoi@gmail.com, category=코딩,요리,게임, phoneNumber=01022222222))
Meeting(idx=64, title='그린 메이커스' 골프 동아리, content=환영합니다! 그린 메이커스는 골프의 아름다움과 전략적인 게임 플레이를 사랑하는 이들이 모인 동아리입니다. 우리는 초보자부터 숙련된 선수까지 모두를 환영하며, 골프의 즐거움을 함께 나누고 발전하는 것을 목표로 하고 있습니다. 동아리에서는 전문 강사를 초빙하여 정기적인 트레이닝을 진행하며, 스윙 개선과 전략적인 코스 관리에 대한 지식을 함께 나눕니다. 또한, 회원 간의 프렌드리 경기와 대회를 개최하여 우리의 실력을 발휘하고 친목을 도모합니다. 그린 메이커스는 골프에 대한 열정뿐만 아니라, 자연과 조화를 이루며 휴식과 재미를 찾는 공간이기도 합니다. 야외에서 활동하면서 새로운 친구들을 만나고, 골프를 통해 스트레스 해소와 휴식을 즐길 수 있습니다. 더불어, 동아리 멤버들과 함께하는 다양한 이벤트와 소셜 액티비티를 통해 즐거운 순간들을 만들어냅니다. 그린 메이커스에서는 골프가 우리의 삶을 더 풍요롭게 만들 수 있는 특별한 경험으로 여겨지고 있습니다. 함께 그린을 만들며, 골프의 매력을 함께 느껴보시기 바랍니다!, category=운동, recruits=8, location=경기 남양주시, startDatetime=2024-03-03T00:00, createdDatetime=2023-10-23T17:08:02, user=User(idx=54, userId=dohoi, password=1234, nickname=도히, email=dohoi@gmail.com, category=코딩,요리,게임, phoneNumber=01022222222))
Meeting(idx=78, title=1234test, content=123456748789'
''
'4563489789, category=운동, recruits=3, location=서울, startDatetime=2023-10-31T00:00, createdDatetime=2023-10-31T17:18:44, user=User(idx=52, userId=aelim, password=1234, nickname=aa, email=devaelim@gmail.com, category=코딩, phoneNumber=01092708011))
Meeting(idx=82, title=asdsa, content=123
<br>
<br>
<br>12333, category=운동, recruits=2, location=서울, startDatetime=2023-10-31T00:00, createdDatetime=2023-10-31T18:06:40, user=User(idx=52, userId=aelim, password=1234, nickname=aa, email=devaelim@gmail.com, category=코딩, phoneNumber=01092708011))
Meeting(idx=86, title=test2, content=test2, category=운동, recruits=3, location=서울, startDatetime=2023-11-08T17:58:18, createdDatetime=2023-11-08T17:58:18, user=User(idx=52, userId=aelim, password=1234, nickname=aa, email=devaelim@gmail.com, category=코딩, phoneNumber=01092708011))
Meeting(idx=87, title=test2, content=updateTest, category=운동, recruits=3, location=서울, startDatetime=2023-11-08T17:59:47, createdDatetime=2023-11-08T17:59:47, user=User(idx=52, userId=aelim, password=1234, nickname=aa, email=devaelim@gmail.com, category=코딩, phoneNumber=01092708011))
Meeting(idx=88, title=test2, content=test2, category=운동, recruits=3, location=서울, startDatetime=2023-11-10T17:22:06, createdDatetime=2023-11-10T17:22:06, user=User(idx=52, userId=aelim, password=1234, nickname=aa, email=devaelim@gmail.com, category=코딩, phoneNumber=01092708011))
Meeting(idx=89, title=test2, content=test2, category=운동, recruits=3, location=서울, startDatetime=2023-11-10T17:29:07, createdDatetime=2023-11-10T17:29:07, user=User(idx=52, userId=aelim, password=1234, nickname=aa, email=devaelim@gmail.com, category=코딩, phoneNumber=01092708011))
Meeting(idx=90, title=test2, content=test2, category=운동, recruits=3, location=서울, startDatetime=2023-11-10T18:13:23, createdDatetime=2023-11-10T18:13:23, user=User(idx=52, userId=aelim, password=1234, nickname=aa, email=devaelim@gmail.com, category=코딩, phoneNumber=01092708011))
Meeting(idx=91, title=test2, content=test2, category=운동, recruits=3, location=서울, startDatetime=2023-11-13T16:55:51, createdDatetime=2023-11-13T16:55:51, user=User(idx=52, userId=aelim, password=1234, nickname=aa, email=devaelim@gmail.com, category=코딩, phoneNumber=01092708011))
Meeting(idx=92, title=test2, content=test2, category=운동, recruits=3, location=서울, startDatetime=2023-11-13T17:40:44, createdDatetime=2023-11-13T17:40:44, user=User(idx=52, userId=aelim, password=1234, nickname=aa, email=devaelim@gmail.com, category=코딩, phoneNumber=01092708011))
Meeting(idx=93, title=test2, content=test2, category=운동, recruits=3, location=서울, startDatetime=2023-11-13T17:54:57, createdDatetime=2023-11-13T17:54:57, user=User(idx=52, userId=aelim, password=1234, nickname=aa, email=devaelim@gmail.com, category=코딩, phoneNumber=01092708011))
Meeting(idx=94, title=test2, content=test2, category=운동, recruits=3, location=서울, startDatetime=2023-11-13T17:57:11, createdDatetime=2023-11-13T17:57:11, user=User(idx=52, userId=aelim, password=1234, nickname=aa, email=devaelim@gmail.com, category=코딩, phoneNumber=01092708011))
Meeting(idx=95, title=test2, content=test2, category=운동, recruits=3, location=서울, startDatetime=2023-11-13T18:01:10, createdDatetime=2023-11-13T18:01:10, user=User(idx=52, userId=aelim, password=1234, nickname=aa, email=devaelim@gmail.com, category=코딩, phoneNumber=01092708011))
Meeting(idx=96, title=test2, content=test2, category=운동, recruits=3, location=서울, startDatetime=2023-11-13T18:03:37, createdDatetime=2023-11-13T18:03:37, user=User(idx=52, userId=aelim, password=1234, nickname=aa, email=devaelim@gmail.com, category=코딩, phoneNumber=01092708011))
Meeting(idx=97, title=test2, content=test2, category=운동, recruits=3, location=서울, startDatetime=2023-11-13T18:05:38, createdDatetime=2023-11-13T18:05:38, user=User(idx=52, userId=aelim, password=1234, nickname=aa, email=devaelim@gmail.com, category=코딩, phoneNumber=01092708011))
Meeting(idx=98, title=test2, content=test2, category=운동, recruits=3, location=서울, startDatetime=2023-11-13T18:06:38, createdDatetime=2023-11-13T18:06:38, user=User(idx=52, userId=aelim, password=1234, nickname=aa, email=devaelim@gmail.com, category=코딩, phoneNumber=01092708011))
Meeting(idx=99, title=test2, content=test2, category=운동, recruits=3, location=서울, startDatetime=2023-11-13T18:09:01, createdDatetime=2023-11-13T18:09:01, user=User(idx=52, userId=aelim, password=1234, nickname=aa, email=devaelim@gmail.com, category=코딩, phoneNumber=01092708011))
Meeting(idx=100, title=test2, content=test2, category=운동, recruits=3, location=서울, startDatetime=2023-11-13T18:09:22, createdDatetime=2023-11-13T18:09:22, user=User(idx=52, userId=aelim, password=1234, nickname=aa, email=devaelim@gmail.com, category=코딩, phoneNumber=01092708011))
Meeting(idx=101, title=test2, content=test2, category=운동, recruits=3, location=서울, startDatetime=2023-11-13T18:16:40, createdDatetime=2023-11-13T18:16:40, user=User(idx=52, userId=aelim, password=1234, nickname=aa, email=devaelim@gmail.com, category=코딩, phoneNumber=01092708011))
Meeting(idx=102, title=test2, content=test2, category=운동, recruits=3, location=서울, startDatetime=2023-11-13T18:17:18, createdDatetime=2023-11-13T18:17:18, user=User(idx=52, userId=aelim, password=1234, nickname=aa, email=devaelim@gmail.com, category=코딩, phoneNumber=01092708011))
Meeting(idx=103, title=test2, content=test2, category=운동, recruits=3, location=서울, startDatetime=2023-11-13T18:20:02, createdDatetime=2023-11-13T18:20:02, user=User(idx=52, userId=aelim, password=1234, nickname=aa, email=devaelim@gmail.com, category=코딩, phoneNumber=01092708011))
Meeting(idx=104, title=test2, content=test2, category=운동, recruits=3, location=서울, startDatetime=2023-11-13T18:20:53, createdDatetime=2023-11-13T18:20:53, user=User(idx=52, userId=aelim, password=1234, nickname=aa, email=devaelim@gmail.com, category=코딩, phoneNumber=01092708011))
Meeting(idx=105, title=test2, content=test2, category=운동, recruits=3, location=서울, startDatetime=2023-11-13T18:22:21, createdDatetime=2023-11-13T18:22:21, user=User(idx=52, userId=aelim, password=1234, nickname=aa, email=devaelim@gmail.com, category=코딩, phoneNumber=01092708011))
Meeting(idx=106, title=test2, content=test2, category=운동, recruits=3, location=서울, startDatetime=2023-11-13T18:22:59, createdDatetime=2023-11-13T18:22:59, user=User(idx=52, userId=aelim, password=1234, nickname=aa, email=devaelim@gmail.com, category=코딩, phoneNumber=01092708011))
Meeting(idx=107, title=test2, content=test2, category=운동, recruits=3, location=서울, startDatetime=2023-11-13T18:27:37, createdDatetime=2023-11-13T18:27:37, user=User(idx=52, userId=aelim, password=1234, nickname=aa, email=devaelim@gmail.com, category=코딩, phoneNumber=01092708011))
Meeting(idx=108, title=test2, content=test2, category=운동, recruits=3, location=서울, startDatetime=2023-11-14T03:38:14, createdDatetime=2023-11-14T03:38:14, user=User(idx=52, userId=aelim, password=1234, nickname=aa, email=devaelim@gmail.com, category=코딩, phoneNumber=01092708011))
Meeting(idx=109, title=test2, content=test2, category=운동, recruits=3, location=서울, startDatetime=2023-11-14T10:41:01, createdDatetime=2023-11-14T10:41:01, user=User(idx=52, userId=aelim, password=1234, nickname=aa, email=devaelim@gmail.com, category=코딩, phoneNumber=01092708011))
Meeting(idx=110, title=test2, content=test2, category=운동, recruits=3, location=서울, startDatetime=2023-11-14T10:42:25, createdDatetime=2023-11-14T10:42:25, user=User(idx=52, userId=aelim, password=1234, nickname=aa, email=devaelim@gmail.com, category=코딩, phoneNumber=01092708011))
Meeting(idx=111, title=test2, content=test2, category=운동, recruits=3, location=서울, startDatetime=2023-11-14T10:54:22, createdDatetime=2023-11-14T10:54:22, user=User(idx=52, userId=aelim, password=1234, nickname=aa, email=devaelim@gmail.com, category=코딩, phoneNumber=01092708011))
Meeting(idx=112, title=test2, content=test2, category=운동, recruits=3, location=서울, startDatetime=2023-11-14T11:18:42, createdDatetime=2023-11-14T11:18:42, user=User(idx=52, userId=aelim, password=1234, nickname=aa, email=devaelim@gmail.com, category=코딩, phoneNumber=01092708011))
Meeting(idx=113, title=test2, content=test2, category=운동, recruits=3, location=서울, startDatetime=2023-11-14T11:29:43, createdDatetime=2023-11-14T11:29:43, user=User(idx=52, userId=aelim, password=1234, nickname=aa, email=devaelim@gmail.com, category=코딩, phoneNumber=01092708011))
Meeting(idx=114, title=test2, content=test2, category=운동, recruits=3, location=서울, startDatetime=2023-11-14T11:29:44, createdDatetime=2023-11-14T11:29:44, user=User(idx=52, userId=aelim, password=1234, nickname=aa, email=devaelim@gmail.com, category=코딩, phoneNumber=01092708011))
Meeting(idx=115, title=test2, content=test2, category=운동, recruits=3, location=서울, startDatetime=2023-11-14T11:34:42, createdDatetime=2023-11-14T11:34:42, user=User(idx=52, userId=aelim, password=1234, nickname=aa, email=devaelim@gmail.com, category=코딩, phoneNumber=01092708011))
Meeting(idx=116, title=test2, content=test2, category=운동, recruits=3, location=서울, startDatetime=2023-11-14T11:43:27, createdDatetime=2023-11-14T11:43:27, user=User(idx=52, userId=aelim, password=1234, nickname=aa, email=devaelim@gmail.com, category=코딩, phoneNumber=01092708011))
Meeting(idx=117, title=test2, content=test2, category=운동, recruits=3, location=서울, startDatetime=2023-11-14T11:44:37, createdDatetime=2023-11-14T11:44:37, user=User(idx=52, userId=aelim, password=1234, nickname=aa, email=devaelim@gmail.com, category=코딩, phoneNumber=01092708011))
Meeting(idx=118, title=test2, content=test2, category=운동, recruits=3, location=서울, startDatetime=2023-11-14T11:44:53, createdDatetime=2023-11-14T11:44:53, user=User(idx=52, userId=aelim, password=1234, nickname=aa, email=devaelim@gmail.com, category=코딩, phoneNumber=01092708011))
Meeting(idx=119, title=test2, content=test2, category=운동, recruits=3, location=서울, startDatetime=2023-11-14T11:45:09, createdDatetime=2023-11-14T11:45:09, user=User(idx=52, userId=aelim, password=1234, nickname=aa, email=devaelim@gmail.com, category=코딩, phoneNumber=01092708011))
Meeting(idx=120, title=test2, content=test2, category=운동, recruits=3, location=서울, startDatetime=2023-11-14T11:45:23, createdDatetime=2023-11-14T11:45:23, user=User(idx=52, userId=aelim, password=1234, nickname=aa, email=devaelim@gmail.com, category=코딩, phoneNumber=01092708011))
Meeting(idx=121, title=test2, content=test2, category=운동, recruits=3, location=서울, startDatetime=2023-11-14T11:55, createdDatetime=2023-11-14T11:55, user=User(idx=52, userId=aelim, password=1234, nickname=aa, email=devaelim@gmail.com, category=코딩, phoneNumber=01092708011))
Meeting(idx=122, title=test2, content=test2, category=운동, recruits=3, location=서울, startDatetime=2023-11-14T14:10:01, createdDatetime=2023-11-14T14:10:01, user=User(idx=52, userId=aelim, password=1234, nickname=aa, email=devaelim@gmail.com, category=코딩, phoneNumber=01092708011))
Meeting(idx=123, title=test2, content=test2, category=운동, recruits=3, location=서울, startDatetime=2023-11-14T14:11:39, createdDatetime=2023-11-14T14:11:39, user=User(idx=52, userId=aelim, password=1234, nickname=aa, email=devaelim@gmail.com, category=코딩, phoneNumber=01092708011))
Meeting(idx=124, title=test2, content=test2, category=운동, recruits=3, location=서울, startDatetime=2023-11-14T14:48:02, createdDatetime=2023-11-14T14:48:02, user=User(idx=52, userId=aelim, password=1234, nickname=aa, email=devaelim@gmail.com, category=코딩, phoneNumber=01092708011))
Meeting(idx=125, title=test2, content=test2, category=운동, recruits=3, location=서울, startDatetime=2023-11-14T14:49:01, createdDatetime=2023-11-14T14:49:01, user=User(idx=52, userId=aelim, password=1234, nickname=aa, email=devaelim@gmail.com, category=코딩, phoneNumber=01092708011))
Meeting(idx=126, title=test2, content=test2, category=운동, recruits=3, location=서울, startDatetime=2023-11-14T15:43:32, createdDatetime=2023-11-14T15:43:32, user=User(idx=52, userId=aelim, password=1234, nickname=aa, email=devaelim@gmail.com, category=코딩, phoneNumber=01092708011))
Meeting(idx=127, title=test2, content=test2, category=운동, recruits=3, location=서울, startDatetime=2023-11-14T15:45:24, createdDatetime=2023-11-14T15:45:24, user=User(idx=52, userId=aelim, password=1234, nickname=aa, email=devaelim@gmail.com, category=코딩, phoneNumber=01092708011))
Meeting(idx=128, title=test2, content=test2, category=운동, recruits=3, location=서울, startDatetime=2023-11-14T15:47:45, createdDatetime=2023-11-14T15:47:45, user=User(idx=52, userId=aelim, password=1234, nickname=aa, email=devaelim@gmail.com, category=코딩, phoneNumber=01092708011))
Meeting(idx=129, title=REST API TEST, content=REST API TEST, category=운동, recruits=2, location=REST API TEST, startDatetime=2023-11-14T09:12, createdDatetime=2023-11-14T18:26:33, user=User(idx=52, userId=aelim, password=1234, nickname=aa, email=devaelim@gmail.com, category=코딩, phoneNumber=01092708011))
================================================================================
Hibernate: 
    select
        m1_0.idx 
    from
        meeting m1_0 
    where
        m1_0.idx=? 
        and m1_0.writer_nickname=? limit ?
true
================================================================================
Hibernate: 
    select
        u1_0.idx,
        u1_0.category,
        u1_0.email,
        u1_0.nickname,
        u1_0.password,
        u1_0.phone_number,
        u1_0.user_id 
    from
        user u1_0 
    where
        u1_0.user_id=?
Hibernate: 
    insert 
    into
        meeting
        (category, content, created_datetime, location, recruits, start_datetime, title, writer_nickname) 
    values
        (?, ?, ?, ?, ?, ?, ?, ?)
131
================================================================================
Hibernate: 
    select
        m1_0.idx,
        m1_0.category,
        m1_0.content,
        m1_0.created_datetime,
        m1_0.location,
        m1_0.recruits,
        m1_0.start_datetime,
        m1_0.title,
        m1_0.writer_nickname 
    from
        meeting m1_0 
    where
        m1_0.idx=?
Hibernate: 
    select
        u1_0.idx,
        u1_0.category,
        u1_0.email,
        u1_0.nickname,
        u1_0.password,
        u1_0.phone_number,
        u1_0.user_id 
    from
        user u1_0 
    where
        u1_0.nickname=?
Optional[Meeting(idx=87, title=test2, content=updateTest, category=운동, recruits=3, location=서울, startDatetime=2023-11-08T17:59:47, createdDatetime=2023-11-08T17:59:47, user=User(idx=52, userId=aelim, password=1234, nickname=aa, email=devaelim@gmail.com, category=코딩, phoneNumber=01092708011))]
================================================================================
Hibernate: 
    select
        m1_0.idx,
        m1_0.category,
        m1_0.content,
        m1_0.created_datetime,
        m1_0.location,
        m1_0.recruits,
        m1_0.start_datetime,
        m1_0.title,
        m1_0.writer_nickname 
    from
        meeting m1_0 
    where
        m1_0.idx=?
Hibernate: 
    select
        u1_0.idx,
        u1_0.category,
        u1_0.email,
        u1_0.nickname,
        u1_0.password,
        u1_0.phone_number,
        u1_0.user_id 
    from
        user u1_0 
    where
        u1_0.nickname=?
Optional[Meeting(idx=87, title=test2, content=updateTest, category=운동, recruits=3, location=서울, startDatetime=2023-11-08T17:59:47, createdDatetime=2023-11-08T17:59:47, user=User(idx=52, userId=aelim, password=1234, nickname=aa, email=devaelim@gmail.com, category=코딩, phoneNumber=01092708011))]
Optional.empty
================================================================================
Hibernate: 
    select
        m1_0.idx,
        m1_0.category,
        m1_0.content,
        m1_0.created_datetime,
        m1_0.location,
        m1_0.recruits,
        m1_0.start_datetime,
        m1_0.title,
        m1_0.writer_nickname 
    from
        meeting m1_0 
    where
        m1_0.idx=?
Hibernate: 
    select
        u1_0.idx,
        u1_0.category,
        u1_0.email,
        u1_0.nickname,
        u1_0.password,
        u1_0.phone_number,
        u1_0.user_id 
    from
        user u1_0 
    where
        u1_0.nickname=?
Optional[Meeting(idx=87, title=test2, content=updateTest, category=운동, recruits=3, location=서울, startDatetime=2023-11-08T17:59:47, createdDatetime=2023-11-08T17:59:47, user=User(idx=52, userId=aelim, password=1234, nickname=aa, email=devaelim@gmail.com, category=코딩, phoneNumber=01092708011))]
================================================================================
Hibernate: 
    select
        m1_0.idx,
        m1_0.category,
        m1_0.content,
        m1_0.created_datetime,
        m1_0.location,
        m1_0.recruits,
        m1_0.start_datetime,
        m1_0.title,
        m1_0.writer_nickname 
    from
        meeting m1_0 
    where
        m1_0.writer_nickname=?
Hibernate: 
    select
        u1_0.idx,
        u1_0.category,
        u1_0.email,
        u1_0.nickname,
        u1_0.password,
        u1_0.phone_number,
        u1_0.user_id 
    from
        user u1_0 
    where
        u1_0.nickname=?
Hibernate: 
    select
        m1_0.image_url 
    from
        meeting_image m1_0 
    where
        m1_0.meeting_idx=?
Hibernate: 
    select
        count(m1_0.idx) 
    from
        member m1_0 
    where
        m1_0.meeting_idx=?
Hibernate: 
    select
        m1_0.image_url 
    from
        meeting_image m1_0 
    where
        m1_0.meeting_idx=?
Hibernate: 
    select
        count(m1_0.idx) 
    from
        member m1_0 
    where
        m1_0.meeting_idx=?
Hibernate: 
    select
        m1_0.image_url 
    from
        meeting_image m1_0 
    where
        m1_0.meeting_idx=?
Hibernate: 
    select
        count(m1_0.idx) 
    from
        member m1_0 
    where
        m1_0.meeting_idx=?
Hibernate: 
    select
        m1_0.image_url 
    from
        meeting_image m1_0 
    where
        m1_0.meeting_idx=?
Hibernate: 
    select
        count(m1_0.idx) 
    from
        member m1_0 
    where
        m1_0.meeting_idx=?
Hibernate: 
    select
        m1_0.image_url 
    from
        meeting_image m1_0 
    where
        m1_0.meeting_idx=?
Hibernate: 
    select
        count(m1_0.idx) 
    from
        member m1_0 
    where
        m1_0.meeting_idx=?
Hibernate: 
    select
        m1_0.image_url 
    from
        meeting_image m1_0 
    where
        m1_0.meeting_idx=?
Hibernate: 
    select
        count(m1_0.idx) 
    from
        member m1_0 
    where
        m1_0.meeting_idx=?
Hibernate: 
    select
        m1_0.image_url 
    from
        meeting_image m1_0 
    where
        m1_0.meeting_idx=?
Hibernate: 
    select
        count(m1_0.idx) 
    from
        member m1_0 
    where
        m1_0.meeting_idx=?
Hibernate: 
    select
        m1_0.image_url 
    from
        meeting_image m1_0 
    where
        m1_0.meeting_idx=?
Hibernate: 
    select
        count(m1_0.idx) 
    from
        member m1_0 
    where
        m1_0.meeting_idx=?
Hibernate: 
    select
        m1_0.image_url 
    from
        meeting_image m1_0 
    where
        m1_0.meeting_idx=?
Hibernate: 
    select
        count(m1_0.idx) 
    from
        member m1_0 
    where
        m1_0.meeting_idx=?
Hibernate: 
    select
        m1_0.image_url 
    from
        meeting_image m1_0 
    where
        m1_0.meeting_idx=?
Hibernate: 
    select
        count(m1_0.idx) 
    from
        member m1_0 
    where
        m1_0.meeting_idx=?
Hibernate: 
    select
        m1_0.image_url 
    from
        meeting_image m1_0 
    where
        m1_0.meeting_idx=?
Hibernate: 
    select
        count(m1_0.idx) 
    from
        member m1_0 
    where
        m1_0.meeting_idx=?
Hibernate: 
    select
        m1_0.image_url 
    from
        meeting_image m1_0 
    where
        m1_0.meeting_idx=?
Hibernate: 
    select
        count(m1_0.idx) 
    from
        member m1_0 
    where
        m1_0.meeting_idx=?
Hibernate: 
    select
        m1_0.image_url 
    from
        meeting_image m1_0 
    where
        m1_0.meeting_idx=?
Hibernate: 
    select
        count(m1_0.idx) 
    from
        member m1_0 
    where
        m1_0.meeting_idx=?
Hibernate: 
    select
        m1_0.image_url 
    from
        meeting_image m1_0 
    where
        m1_0.meeting_idx=?
Hibernate: 
    select
        count(m1_0.idx) 
    from
        member m1_0 
    where
        m1_0.meeting_idx=?
Hibernate: 
    select
        m1_0.image_url 
    from
        meeting_image m1_0 
    where
        m1_0.meeting_idx=?
Hibernate: 
    select
        count(m1_0.idx) 
    from
        member m1_0 
    where
        m1_0.meeting_idx=?
Hibernate: 
    select
        m1_0.image_url 
    from
        meeting_image m1_0 
    where
        m1_0.meeting_idx=?
Hibernate: 
    select
        count(m1_0.idx) 
    from
        member m1_0 
    where
        m1_0.meeting_idx=?
Hibernate: 
    select
        m1_0.image_url 
    from
        meeting_image m1_0 
    where
        m1_0.meeting_idx=?
Hibernate: 
    select
        count(m1_0.idx) 
    from
        member m1_0 
    where
        m1_0.meeting_idx=?
Hibernate: 
    select
        m1_0.image_url 
    from
        meeting_image m1_0 
    where
        m1_0.meeting_idx=?
Hibernate: 
    select
        count(m1_0.idx) 
    from
        member m1_0 
    where
        m1_0.meeting_idx=?
Hibernate: 
    select
        m1_0.image_url 
    from
        meeting_image m1_0 
    where
        m1_0.meeting_idx=?
Hibernate: 
    select
        count(m1_0.idx) 
    from
        member m1_0 
    where
        m1_0.meeting_idx=?
Hibernate: 
    select
        m1_0.image_url 
    from
        meeting_image m1_0 
    where
        m1_0.meeting_idx=?
Hibernate: 
    select
        count(m1_0.idx) 
    from
        member m1_0 
    where
        m1_0.meeting_idx=?
Hibernate: 
    select
        m1_0.image_url 
    from
        meeting_image m1_0 
    where
        m1_0.meeting_idx=?
Hibernate: 
    select
        count(m1_0.idx) 
    from
        member m1_0 
    where
        m1_0.meeting_idx=?
Hibernate: 
    select
        m1_0.image_url 
    from
        meeting_image m1_0 
    where
        m1_0.meeting_idx=?
Hibernate: 
    select
        count(m1_0.idx) 
    from
        member m1_0 
    where
        m1_0.meeting_idx=?
Hibernate: 
    select
        m1_0.image_url 
    from
        meeting_image m1_0 
    where
        m1_0.meeting_idx=?
Hibernate: 
    select
        count(m1_0.idx) 
    from
        member m1_0 
    where
        m1_0.meeting_idx=?
Hibernate: 
    select
        m1_0.image_url 
    from
        meeting_image m1_0 
    where
        m1_0.meeting_idx=?
Hibernate: 
    select
        count(m1_0.idx) 
    from
        member m1_0 
    where
        m1_0.meeting_idx=?
Hibernate: 
    select
        m1_0.image_url 
    from
        meeting_image m1_0 
    where
        m1_0.meeting_idx=?
Hibernate: 
    select
        count(m1_0.idx) 
    from
        member m1_0 
    where
        m1_0.meeting_idx=?
Hibernate: 
    select
        m1_0.image_url 
    from
        meeting_image m1_0 
    where
        m1_0.meeting_idx=?
Hibernate: 
    select
        count(m1_0.idx) 
    from
        member m1_0 
    where
        m1_0.meeting_idx=?
Hibernate: 
    select
        m1_0.image_url 
    from
        meeting_image m1_0 
    where
        m1_0.meeting_idx=?
Hibernate: 
    select
        count(m1_0.idx) 
    from
        member m1_0 
    where
        m1_0.meeting_idx=?
Hibernate: 
    select
        m1_0.image_url 
    from
        meeting_image m1_0 
    where
        m1_0.meeting_idx=?
Hibernate: 
    select
        count(m1_0.idx) 
    from
        member m1_0 
    where
        m1_0.meeting_idx=?
Hibernate: 
    select
        m1_0.image_url 
    from
        meeting_image m1_0 
    where
        m1_0.meeting_idx=?
Hibernate: 
    select
        count(m1_0.idx) 
    from
        member m1_0 
    where
        m1_0.meeting_idx=?
Hibernate: 
    select
        m1_0.image_url 
    from
        meeting_image m1_0 
    where
        m1_0.meeting_idx=?
Hibernate: 
    select
        count(m1_0.idx) 
    from
        member m1_0 
    where
        m1_0.meeting_idx=?
Hibernate: 
    select
        m1_0.image_url 
    from
        meeting_image m1_0 
    where
        m1_0.meeting_idx=?
Hibernate: 
    select
        count(m1_0.idx) 
    from
        member m1_0 
    where
        m1_0.meeting_idx=?
Hibernate: 
    select
        m1_0.image_url 
    from
        meeting_image m1_0 
    where
        m1_0.meeting_idx=?
Hibernate: 
    select
        count(m1_0.idx) 
    from
        member m1_0 
    where
        m1_0.meeting_idx=?
Hibernate: 
    select
        m1_0.image_url 
    from
        meeting_image m1_0 
    where
        m1_0.meeting_idx=?
Hibernate: 
    select
        count(m1_0.idx) 
    from
        member m1_0 
    where
        m1_0.meeting_idx=?
Hibernate: 
    select
        m1_0.image_url 
    from
        meeting_image m1_0 
    where
        m1_0.meeting_idx=?
Hibernate: 
    select
        count(m1_0.idx) 
    from
        member m1_0 
    where
        m1_0.meeting_idx=?
Hibernate: 
    select
        m1_0.image_url 
    from
        meeting_image m1_0 
    where
        m1_0.meeting_idx=?
Hibernate: 
    select
        count(m1_0.idx) 
    from
        member m1_0 
    where
        m1_0.meeting_idx=?
Hibernate: 
    select
        m1_0.image_url 
    from
        meeting_image m1_0 
    where
        m1_0.meeting_idx=?
Hibernate: 
    select
        count(m1_0.idx) 
    from
        member m1_0 
    where
        m1_0.meeting_idx=?
Hibernate: 
    select
        m1_0.image_url 
    from
        meeting_image m1_0 
    where
        m1_0.meeting_idx=?
Hibernate: 
    select
        count(m1_0.idx) 
    from
        member m1_0 
    where
        m1_0.meeting_idx=?
Hibernate: 
    select
        m1_0.image_url 
    from
        meeting_image m1_0 
    where
        m1_0.meeting_idx=?
Hibernate: 
    select
        count(m1_0.idx) 
    from
        member m1_0 
    where
        m1_0.meeting_idx=?
Hibernate: 
    select
        m1_0.image_url 
    from
        meeting_image m1_0 
    where
        m1_0.meeting_idx=?
Hibernate: 
    select
        count(m1_0.idx) 
    from
        member m1_0 
    where
        m1_0.meeting_idx=?
Hibernate: 
    select
        m1_0.image_url 
    from
        meeting_image m1_0 
    where
        m1_0.meeting_idx=?
Hibernate: 
    select
        count(m1_0.idx) 
    from
        member m1_0 
    where
        m1_0.meeting_idx=?
Hibernate: 
    select
        m1_0.image_url 
    from
        meeting_image m1_0 
    where
        m1_0.meeting_idx=?
Hibernate: 
    select
        count(m1_0.idx) 
    from
        member m1_0 
    where
        m1_0.meeting_idx=?
Hibernate: 
    select
        m1_0.image_url 
    from
        meeting_image m1_0 
    where
        m1_0.meeting_idx=?
Hibernate: 
    select
        count(m1_0.idx) 
    from
        member m1_0 
    where
        m1_0.meeting_idx=?
Hibernate: 
    select
        m1_0.image_url 
    from
        meeting_image m1_0 
    where
        m1_0.meeting_idx=?
Hibernate: 
    select
        count(m1_0.idx) 
    from
        member m1_0 
    where
        m1_0.meeting_idx=?
Hibernate: 
    select
        m1_0.image_url 
    from
        meeting_image m1_0 
    where
        m1_0.meeting_idx=?
Hibernate: 
    select
        count(m1_0.idx) 
    from
        member m1_0 
    where
        m1_0.meeting_idx=?
Hibernate: 
    select
        m1_0.image_url 
    from
        meeting_image m1_0 
    where
        m1_0.meeting_idx=?
Hibernate: 
    select
        count(m1_0.idx) 
    from
        member m1_0 
    where
        m1_0.meeting_idx=?
Hibernate: 
    select
        m1_0.image_url 
    from
        meeting_image m1_0 
    where
        m1_0.meeting_idx=?
Hibernate: 
    select
        count(m1_0.idx) 
    from
        member m1_0 
    where
        m1_0.meeting_idx=?
Hibernate: 
    select
        m1_0.image_url 
    from
        meeting_image m1_0 
    where
        m1_0.meeting_idx=?
Hibernate: 
    select
        count(m1_0.idx) 
    from
        member m1_0 
    where
        m1_0.meeting_idx=?
Hibernate: 
    select
        m1_0.image_url 
    from
        meeting_image m1_0 
    where
        m1_0.meeting_idx=?
Hibernate: 
    select
        count(m1_0.idx) 
    from
        member m1_0 
    where
        m1_0.meeting_idx=?
Hibernate: 
    select
        m1_0.image_url 
    from
        meeting_image m1_0 
    where
        m1_0.meeting_idx=?
Hibernate: 
    select
        count(m1_0.idx) 
    from
        member m1_0 
    where
        m1_0.meeting_idx=?
55//0/images/55/농구1.jpg
77//0
78//0
82//0
86//0
87//1
88//0
89//0
90//0
91//0
92//0
93//0
94//0
95//0
96//0
97//0
98//0
99//0
100//0
101//0
102//0
103//0
104//0
105//0
106//0
107//0
108//0
109//0
110//0
111//0
112//0
113//0
114//0
115//0
116//0
117//0
118//0
119//0
120//0
121//0
122//0
123//0
124//0
125//0
126//0
127//0
128//0
129//0
131//0
================================================================================
Hibernate: 
    select
        m1_0.idx,
        m1_0.category,
        m1_0.content,
        m1_0.created_datetime,
        m1_0.location,
        m1_0.recruits,
        m1_0.start_datetime,
        m1_0.title,
        m1_0.writer_nickname 
    from
        meeting m1_0 
    where
        m1_0.writer_nickname=?
Hibernate: 
    select
        u1_0.idx,
        u1_0.category,
        u1_0.email,
        u1_0.nickname,
        u1_0.password,
        u1_0.phone_number,
        u1_0.user_id 
    from
        user u1_0 
    where
        u1_0.nickname=?
Hibernate: 
    select
        m1_0.image_url 
    from
        meeting_image m1_0 
    where
        m1_0.meeting_idx=?
Hibernate: 
    select
        count(m1_0.idx) 
    from
        member m1_0 
    where
        m1_0.meeting_idx=?
Hibernate: 
    select
        m1_0.image_url 
    from
        meeting_image m1_0 
    where
        m1_0.meeting_idx=?
Hibernate: 
    select
        count(m1_0.idx) 
    from
        member m1_0 
    where
        m1_0.meeting_idx=?
Hibernate: 
    select
        m1_0.image_url 
    from
        meeting_image m1_0 
    where
        m1_0.meeting_idx=?
Hibernate: 
    select
        count(m1_0.idx) 
    from
        member m1_0 
    where
        m1_0.meeting_idx=?
Hibernate: 
    select
        m1_0.image_url 
    from
        meeting_image m1_0 
    where
        m1_0.meeting_idx=?
Hibernate: 
    select
        count(m1_0.idx) 
    from
        member m1_0 
    where
        m1_0.meeting_idx=?
Hibernate: 
    select
        m1_0.image_url 
    from
        meeting_image m1_0 
    where
        m1_0.meeting_idx=?
Hibernate: 
    select
        count(m1_0.idx) 
    from
        member m1_0 
    where
        m1_0.meeting_idx=?
Hibernate: 
    select
        m1_0.image_url 
    from
        meeting_image m1_0 
    where
        m1_0.meeting_idx=?
Hibernate: 
    select
        count(m1_0.idx) 
    from
        member m1_0 
    where
        m1_0.meeting_idx=?
Hibernate: 
    select
        m1_0.image_url 
    from
        meeting_image m1_0 
    where
        m1_0.meeting_idx=?
Hibernate: 
    select
        count(m1_0.idx) 
    from
        member m1_0 
    where
        m1_0.meeting_idx=?
56//0/images/56/공포.jpg
57//0/images/57/코딩.png
59//1/images/59/축구.jpg
62//1/images/62/야구.jpg
63//2/images/63/토익.png
64//1
81//0
================================================================================
Hibernate: 
    select
        m1_0.idx,
        m1_0.category,
        m1_0.content,
        m1_0.created_datetime,
        m1_0.location,
        m1_0.recruits,
        m1_0.start_datetime,
        m1_0.title,
        m1_0.writer_nickname 
    from
        meeting m1_0 
    where
        m1_0.idx in(select
            s1_0.meeting_idx 
        from
            scrap s1_0 
        where
            s1_0.user_idx=?)
Hibernate: 
    select
        u1_0.idx,
        u1_0.category,
        u1_0.email,
        u1_0.nickname,
        u1_0.password,
        u1_0.phone_number,
        u1_0.user_id 
    from
        user u1_0 
    where
        u1_0.nickname=?
Hibernate: 
    select
        m1_0.image_url 
    from
        meeting_image m1_0 
    where
        m1_0.meeting_idx=?
Hibernate: 
    select
        count(m1_0.idx) 
    from
        member m1_0 
    where
        m1_0.meeting_idx=?
87//1
]]></system-out>
  <system-err><![CDATA[]]></system-err>
</testsuite>
